<?xml version="1.0" encoding="UTF-8"?>
<robot generator="Robot 6.1.1 (Python 3.11.4 on win32)" generated="20230816 22:56:02.522" rpa="false" schemaversion="4">
<suite id="s1" name="Login" source="c:\Users\Tito R\OneDrive\Perkuliahan USB\Automate Skripsi Robot\Testcase\login.robot">
<test id="s1-t1" name="SC01 User melakukan Login dengan data valid" line="9">
<kw name="Given user membuka halaman web" library="login_sd">
<kw name="Open Browser" library="SeleniumLibrary">
<arg>${base_url}</arg>
<arg>${browser}[Chrome]</arg>
<doc>Opens a new browser instance to the optional ``url``.</doc>
<msg timestamp="20230816 22:56:02.906" level="INFO">Opening browser 'Chrome' to base url 'https://arowana.fazpas.com/'.</msg>
<status status="PASS" starttime="20230816 22:56:02.905" endtime="20230816 22:56:07.170"/>
</kw>
<kw name="Maximize Browser Window" library="SeleniumLibrary">
<doc>Maximizes current browser window.</doc>
<status status="PASS" starttime="20230816 22:56:07.171" endtime="20230816 22:56:07.290"/>
</kw>
<kw name="Go To" library="SeleniumLibrary">
<arg>${login_url}[url_1]</arg>
<doc>Navigates the current browser window to the provided ``url``.</doc>
<msg timestamp="20230816 22:56:07.291" level="INFO">Opening url 'https://arowana.fazpas.com/login'</msg>
<status status="PASS" starttime="20230816 22:56:07.290" endtime="20230816 22:56:07.555"/>
</kw>
<kw name="Sleep" library="BuiltIn">
<arg>2s</arg>
<doc>Pauses the test executed for the given time.</doc>
<msg timestamp="20230816 22:56:09.557" level="INFO">Slept 2 seconds</msg>
<status status="PASS" starttime="20230816 22:56:07.556" endtime="20230816 22:56:09.557"/>
</kw>
<status status="PASS" starttime="20230816 22:56:02.904" endtime="20230816 22:56:09.557"/>
</kw>
<kw name="When user input email" library="login_sd">
<kw name="Input Text" library="SeleniumLibrary">
<arg>//input[@placeholder='Email']</arg>
<arg>superadmin@fazpass.com</arg>
<doc>Types the given ``text`` into the text field identified by ``locator``.</doc>
<msg timestamp="20230816 22:56:09.560" level="INFO">Typing text 'superadmin@fazpass.com' into text field '//input[@placeholder='Email']'.</msg>
<status status="PASS" starttime="20230816 22:56:09.559" endtime="20230816 22:56:09.781"/>
</kw>
<kw name="Sleep" library="BuiltIn">
<arg>2s</arg>
<doc>Pauses the test executed for the given time.</doc>
<msg timestamp="20230816 22:56:11.781" level="INFO">Slept 2 seconds</msg>
<status status="PASS" starttime="20230816 22:56:09.781" endtime="20230816 22:56:11.781"/>
</kw>
<status status="PASS" starttime="20230816 22:56:09.558" endtime="20230816 22:56:11.782"/>
</kw>
<kw name="And user input pin" library="login_sd">
<kw name="Input Text" library="SeleniumLibrary">
<arg>//input[@placeholder='PIN']</arg>
<arg>987654</arg>
<doc>Types the given ``text`` into the text field identified by ``locator``.</doc>
<msg timestamp="20230816 22:56:11.790" level="INFO">Typing text '987654' into text field '//input[@placeholder='PIN']'.</msg>
<status status="PASS" starttime="20230816 22:56:11.789" endtime="20230816 22:56:11.922"/>
</kw>
<kw name="Sleep" library="BuiltIn">
<arg>2s</arg>
<doc>Pauses the test executed for the given time.</doc>
<msg timestamp="20230816 22:56:13.923" level="INFO">Slept 2 seconds</msg>
<status status="PASS" starttime="20230816 22:56:11.922" endtime="20230816 22:56:13.923"/>
</kw>
<status status="PASS" starttime="20230816 22:56:11.788" endtime="20230816 22:56:13.924"/>
</kw>
<kw name="And user klik button login" library="login_sd">
<kw name="Click Button" library="SeleniumLibrary">
<arg>//button[@type='submit']</arg>
<doc>Clicks the button identified by ``locator``.</doc>
<msg timestamp="20230816 22:56:13.928" level="INFO">Clicking button '//button[@type='submit']'.</msg>
<status status="PASS" starttime="20230816 22:56:13.927" endtime="20230816 22:56:14.146"/>
</kw>
<kw name="Sleep" library="BuiltIn">
<arg>2s</arg>
<doc>Pauses the test executed for the given time.</doc>
<msg timestamp="20230816 22:56:16.147" level="INFO">Slept 2 seconds</msg>
<status status="PASS" starttime="20230816 22:56:14.147" endtime="20230816 22:56:16.147"/>
</kw>
<status status="PASS" starttime="20230816 22:56:13.926" endtime="20230816 22:56:16.148"/>
</kw>
<kw name="Then masuk ke halaman dashboard" library="login_sd">
<kw name="Sleep" library="BuiltIn">
<arg>5s</arg>
<doc>Pauses the test executed for the given time.</doc>
<msg timestamp="20230816 22:56:21.150" level="INFO">Slept 5 seconds</msg>
<status status="PASS" starttime="20230816 22:56:16.149" endtime="20230816 22:56:21.151"/>
</kw>
<kw name="Element Should Be Visible" library="SeleniumLibrary">
<arg>css=.text-xl</arg>
<doc>Verifies that the element identified by ``locator`` is visible.</doc>
<msg timestamp="20230816 22:56:21.181" level="INFO">Element 'css=.text-xl' is displayed.</msg>
<status status="PASS" starttime="20230816 22:56:21.151" endtime="20230816 22:56:21.181"/>
</kw>
<kw name="Close Browser" library="SeleniumLibrary">
<doc>Closes the current browser.</doc>
<status status="PASS" starttime="20230816 22:56:21.182" endtime="20230816 22:56:23.515"/>
</kw>
<status status="PASS" starttime="20230816 22:56:16.148" endtime="20230816 22:56:23.516"/>
</kw>
<status status="PASS" starttime="20230816 22:56:02.902" endtime="20230816 22:56:23.522"/>
</test>
<status status="PASS" starttime="20230816 22:56:02.531" endtime="20230816 22:56:23.528"/>
</suite>
<statistics>
<total>
<stat pass="1" fail="0" skip="0">All Tests</stat>
</total>
<tag>
</tag>
<suite>
<stat pass="1" fail="0" skip="0" id="s1" name="Login">Login</stat>
</suite>
</statistics>
<errors>
</errors>
</robot>
