<?xml version="1.0" encoding="UTF-8"?>
<robot generator="Robot 6.1.1 (Python 3.11.4 on win32)" generated="20230915 19:34:18.020" rpa="false" schemaversion="4">
<suite id="s1" name="Login" source="c:\Users\WGS-LAP204\Documents\automate_test\automate_skripsi_robot\Testcase\login.robot">
<test id="s1-t1" name="SC01 User melakukan Login dengan data valid" line="9">
<kw name="Given user membuka halaman web" library="login_sd">
<kw name="Open Browser" library="SeleniumLibrary">
<arg>${base_url}</arg>
<arg>${browser}[Chrome]</arg>
<doc>Opens a new browser instance to the optional ``url``.</doc>
<msg timestamp="20230915 19:34:18.959" level="INFO">Opening browser 'Chrome' to base url 'https://arowana.fazpas.com/'.</msg>
<status status="PASS" starttime="20230915 19:34:18.959" endtime="20230915 19:34:22.515"/>
</kw>
<kw name="Maximize Browser Window" library="SeleniumLibrary">
<doc>Maximizes current browser window.</doc>
<status status="PASS" starttime="20230915 19:34:22.515" endtime="20230915 19:34:22.687"/>
</kw>
<kw name="Go To" library="SeleniumLibrary">
<arg>${login_url}[url_1]</arg>
<doc>Navigates the current browser window to the provided ``url``.</doc>
<msg timestamp="20230915 19:34:22.687" level="INFO">Opening url 'https://arowana.fazpas.com/login'</msg>
<status status="PASS" starttime="20230915 19:34:22.687" endtime="20230915 19:34:23.151"/>
</kw>
<kw name="Sleep" library="BuiltIn">
<arg>2s</arg>
<doc>Pauses the test executed for the given time.</doc>
<msg timestamp="20230915 19:34:25.154" level="INFO">Slept 2 seconds</msg>
<status status="PASS" starttime="20230915 19:34:23.152" endtime="20230915 19:34:25.155"/>
</kw>
<status status="PASS" starttime="20230915 19:34:18.958" endtime="20230915 19:34:25.165"/>
</kw>
<kw name="When user input email" library="login_sd">
<kw name="Input Text" library="SeleniumLibrary">
<arg>//input[@placeholder='Email']</arg>
<arg>superadmin@fazpass.com</arg>
<doc>Types the given ``text`` into the text field identified by ``locator``.</doc>
<msg timestamp="20230915 19:34:25.191" level="INFO">Typing text 'superadmin@fazpass.com' into text field '//input[@placeholder='Email']'.</msg>
<status status="PASS" starttime="20230915 19:34:25.191" endtime="20230915 19:34:25.715"/>
</kw>
<kw name="Sleep" library="BuiltIn">
<arg>2s</arg>
<doc>Pauses the test executed for the given time.</doc>
<msg timestamp="20230915 19:34:27.718" level="INFO">Slept 2 seconds</msg>
<status status="PASS" starttime="20230915 19:34:25.716" endtime="20230915 19:34:27.720"/>
</kw>
<status status="PASS" starttime="20230915 19:34:25.176" endtime="20230915 19:34:27.724"/>
</kw>
<kw name="And user input pin" library="login_sd">
<kw name="Input Text" library="SeleniumLibrary">
<arg>//input[@placeholder='PIN']</arg>
<arg>987654</arg>
<doc>Types the given ``text`` into the text field identified by ``locator``.</doc>
<msg timestamp="20230915 19:34:27.757" level="INFO">Typing text '987654' into text field '//input[@placeholder='PIN']'.</msg>
<status status="PASS" starttime="20230915 19:34:27.753" endtime="20230915 19:34:28.067"/>
</kw>
<kw name="Sleep" library="BuiltIn">
<arg>2s</arg>
<doc>Pauses the test executed for the given time.</doc>
<msg timestamp="20230915 19:34:30.069" level="INFO">Slept 2 seconds</msg>
<status status="PASS" starttime="20230915 19:34:28.068" endtime="20230915 19:34:30.074"/>
</kw>
<status status="PASS" starttime="20230915 19:34:27.753" endtime="20230915 19:34:30.085"/>
</kw>
<kw name="And user klik button login" library="login_sd">
<kw name="Click Button" library="SeleniumLibrary">
<arg>//button[@type='submit']</arg>
<doc>Clicks the button identified by ``locator``.</doc>
<msg timestamp="20230915 19:34:30.120" level="INFO">Clicking button '//button[@type='submit']'.</msg>
<status status="PASS" starttime="20230915 19:34:30.119" endtime="20230915 19:34:30.390"/>
</kw>
<kw name="Sleep" library="BuiltIn">
<arg>2s</arg>
<doc>Pauses the test executed for the given time.</doc>
<msg timestamp="20230915 19:34:32.391" level="INFO">Slept 2 seconds</msg>
<status status="PASS" starttime="20230915 19:34:30.390" endtime="20230915 19:34:32.391"/>
</kw>
<status status="PASS" starttime="20230915 19:34:30.090" endtime="20230915 19:34:32.404"/>
</kw>
<kw name="Then masuk ke halaman dashboard" library="login_sd">
<kw name="Sleep" library="BuiltIn">
<arg>5s</arg>
<doc>Pauses the test executed for the given time.</doc>
<msg timestamp="20230915 19:34:37.484" level="INFO">Slept 5 seconds</msg>
<status status="PASS" starttime="20230915 19:34:32.440" endtime="20230915 19:34:37.484"/>
</kw>
<kw name="Element Should Be Visible" library="SeleniumLibrary">
<arg>css=.text-xl</arg>
<doc>Verifies that the element identified by ``locator`` is visible.</doc>
<msg timestamp="20230915 19:34:37.764" level="INFO">Element 'css=.text-xl' is displayed.</msg>
<status status="PASS" starttime="20230915 19:34:37.484" endtime="20230915 19:34:37.764"/>
</kw>
<status status="PASS" starttime="20230915 19:34:32.439" endtime="20230915 19:34:37.765"/>
</kw>
<status status="PASS" starttime="20230915 19:34:18.955" endtime="20230915 19:34:37.765"/>
</test>
<status status="PASS" starttime="20230915 19:34:18.036" endtime="20230915 19:34:37.765"/>
</suite>
<statistics>
<total>
<stat pass="1" fail="0" skip="0">All Tests</stat>
</total>
<tag>
</tag>
<suite>
<stat pass="1" fail="0" skip="0" id="s1" name="Login">Login</stat>
</suite>
</statistics>
<errors>
</errors>
</robot>
